<?xml version="1.0" encoding="UTF-8"?>
<robot generator="Robot 3.2.2 (Python 3.8.3 on linux)" generated="20201231 23:31:07.869" rpa="false">
<suite id="s1" name="Front Office" source="/home/malisar/Downloads/front-office/Tests/Front_Office.robot">
<test id="s1-t1" name="Should be able to access &quot;Team&quot; page">
<kw name="Begin Web Test" library="CommonWeb" type="setup">
<kw name="Open Browser" library="SeleniumLibrary">
<doc>Opens a new browser instance to the optional ``url``.</doc>
<arguments>
<arg>about:blank</arg>
<arg>${BROWSER}</arg>
</arguments>
<msg timestamp="20201231 23:31:09.258" level="INFO">Opening browser 'chrome' to base url 'about:blank'.</msg>
<status status="PASS" starttime="20201231 23:31:09.258" endtime="20201231 23:31:10.969"></status>
</kw>
<status status="PASS" starttime="20201231 23:31:09.257" endtime="20201231 23:31:10.969"></status>
</kw>
<kw name="Go to Landing Page" library="FrontOfficeApp">
<kw name="Navigate To" library="Landing">
<kw name="Go To" library="SeleniumLibrary">
<doc>Navigates the current browser window to the provided ``url``.</doc>
<arguments>
<arg>${URL}</arg>
</arguments>
<msg timestamp="20201231 23:31:10.971" level="INFO">Opening url 'http://www.robotframeworktutorial.com/front-office'</msg>
<status status="PASS" starttime="20201231 23:31:10.971" endtime="20201231 23:31:14.624"></status>
</kw>
<status status="PASS" starttime="20201231 23:31:10.970" endtime="20201231 23:31:14.625"></status>
</kw>
<kw name="Verify Page Loaded" library="Landing">
<kw name="Wait Until Page Contains Element" library="SeleniumLibrary">
<doc>Waits until the element ``locator`` appears on the current page.</doc>
<arguments>
<arg>${LANDING_NAVIGATION_ELEMENT}</arg>
</arguments>
<status status="PASS" starttime="20201231 23:31:14.625" endtime="20201231 23:31:14.644"></status>
</kw>
<status status="PASS" starttime="20201231 23:31:14.625" endtime="20201231 23:31:14.644"></status>
</kw>
<status status="PASS" starttime="20201231 23:31:10.970" endtime="20201231 23:31:14.644"></status>
</kw>
<kw name="Go to &quot;Team&quot; Page" library="FrontOfficeApp">
<kw name="Select &quot;Team&quot; Page" library="TopNav">
<kw name="Click Element" library="SeleniumLibrary">
<doc>Click the element identified by ``locator``.</doc>
<arguments>
<arg>${TOP_NAV_TEAM_LINK}</arg>
</arguments>
<msg timestamp="20201231 23:31:14.646" level="INFO">Clicking element 'css=#bs-example-navbar-collapse-1 &gt; ul &gt; li:nth-child(5) &gt; a'.</msg>
<status status="PASS" starttime="20201231 23:31:14.646" endtime="20201231 23:31:14.712"></status>
</kw>
<kw name="Sleep" library="BuiltIn">
<doc>Pauses the test executed for the given time.</doc>
<arguments>
<arg>3s</arg>
</arguments>
<msg timestamp="20201231 23:31:17.713" level="INFO">Slept 3 seconds</msg>
<status status="PASS" starttime="20201231 23:31:14.712" endtime="20201231 23:31:17.713"></status>
</kw>
<status status="PASS" starttime="20201231 23:31:14.645" endtime="20201231 23:31:17.713"></status>
</kw>
<kw name="Verify Page Loaded" library="Team">
<kw name="Wait Until Page Contains Element" library="SeleniumLibrary">
<doc>Waits until the element ``locator`` appears on the current page.</doc>
<arguments>
<arg>${TEAM_HEADER_LABEL}</arg>
</arguments>
<status status="PASS" starttime="20201231 23:31:17.714" endtime="20201231 23:31:17.725"></status>
</kw>
<status status="PASS" starttime="20201231 23:31:17.713" endtime="20201231 23:31:17.725"></status>
</kw>
<status status="PASS" starttime="20201231 23:31:14.645" endtime="20201231 23:31:17.725"></status>
</kw>
<kw name="End Web Test" library="CommonWeb" type="teardown">
<kw name="Close All Browsers" library="SeleniumLibrary">
<doc>Closes all open browsers and resets the browser cache.</doc>
<status status="PASS" starttime="20201231 23:31:17.726" endtime="20201231 23:31:17.799"></status>
</kw>
<status status="PASS" starttime="20201231 23:31:17.725" endtime="20201231 23:31:17.799"></status>
</kw>
<doc>This is test 1</doc>
<tags>
<tag>test1</tag>
</tags>
<status status="PASS" starttime="20201231 23:31:09.255" endtime="20201231 23:31:17.800" critical="yes"></status>
</test>
<test id="s1-t2" name="&quot;Team&quot; page should match requirements">
<kw name="Begin Web Test" library="CommonWeb" type="setup">
<kw name="Open Browser" library="SeleniumLibrary">
<doc>Opens a new browser instance to the optional ``url``.</doc>
<arguments>
<arg>about:blank</arg>
<arg>${BROWSER}</arg>
</arguments>
<msg timestamp="20201231 23:31:17.808" level="INFO">Opening browser 'chrome' to base url 'about:blank'.</msg>
<status status="PASS" starttime="20201231 23:31:17.808" endtime="20201231 23:31:19.432"></status>
</kw>
<status status="PASS" starttime="20201231 23:31:17.804" endtime="20201231 23:31:19.432"></status>
</kw>
<kw name="Go to Landing Page" library="FrontOfficeApp">
<kw name="Navigate To" library="Landing">
<kw name="Go To" library="SeleniumLibrary">
<doc>Navigates the current browser window to the provided ``url``.</doc>
<arguments>
<arg>${URL}</arg>
</arguments>
<msg timestamp="20201231 23:31:19.436" level="INFO">Opening url 'http://www.robotframeworktutorial.com/front-office'</msg>
<status status="PASS" starttime="20201231 23:31:19.435" endtime="20201231 23:31:22.840"></status>
</kw>
<status status="PASS" starttime="20201231 23:31:19.434" endtime="20201231 23:31:22.840"></status>
</kw>
<kw name="Verify Page Loaded" library="Landing">
<kw name="Wait Until Page Contains Element" library="SeleniumLibrary">
<doc>Waits until the element ``locator`` appears on the current page.</doc>
<arguments>
<arg>${LANDING_NAVIGATION_ELEMENT}</arg>
</arguments>
<status status="PASS" starttime="20201231 23:31:22.841" endtime="20201231 23:31:22.862"></status>
</kw>
<status status="PASS" starttime="20201231 23:31:22.840" endtime="20201231 23:31:22.862"></status>
</kw>
<status status="PASS" starttime="20201231 23:31:19.433" endtime="20201231 23:31:22.863"></status>
</kw>
<kw name="Go to &quot;Team&quot; Page" library="FrontOfficeApp">
<kw name="Select &quot;Team&quot; Page" library="TopNav">
<kw name="Click Element" library="SeleniumLibrary">
<doc>Click the element identified by ``locator``.</doc>
<arguments>
<arg>${TOP_NAV_TEAM_LINK}</arg>
</arguments>
<msg timestamp="20201231 23:31:22.865" level="INFO">Clicking element 'css=#bs-example-navbar-collapse-1 &gt; ul &gt; li:nth-child(5) &gt; a'.</msg>
<status status="PASS" starttime="20201231 23:31:22.864" endtime="20201231 23:31:22.933"></status>
</kw>
<kw name="Sleep" library="BuiltIn">
<doc>Pauses the test executed for the given time.</doc>
<arguments>
<arg>3s</arg>
</arguments>
<msg timestamp="20201231 23:31:25.933" level="INFO">Slept 3 seconds</msg>
<status status="PASS" starttime="20201231 23:31:22.933" endtime="20201231 23:31:25.933"></status>
</kw>
<status status="PASS" starttime="20201231 23:31:22.864" endtime="20201231 23:31:25.934"></status>
</kw>
<kw name="Verify Page Loaded" library="Team">
<kw name="Wait Until Page Contains Element" library="SeleniumLibrary">
<doc>Waits until the element ``locator`` appears on the current page.</doc>
<arguments>
<arg>${TEAM_HEADER_LABEL}</arg>
</arguments>
<status status="PASS" starttime="20201231 23:31:25.935" endtime="20201231 23:31:25.948"></status>
</kw>
<status status="PASS" starttime="20201231 23:31:25.934" endtime="20201231 23:31:25.948"></status>
</kw>
<status status="PASS" starttime="20201231 23:31:22.863" endtime="20201231 23:31:25.948"></status>
</kw>
<kw name="Validate &quot;Team&quot; Page" library="FrontOfficeApp">
<kw name="Validate Page Contents" library="Team">
<kw name="Get Text" library="SeleniumLibrary">
<doc>Returns the text value of the element identified by ``locator``.</doc>
<arguments>
<arg>${TEAM_HEADER_LABEL}</arg>
</arguments>
<assign>
<var>${ElementText}</var>
</assign>
<msg timestamp="20201231 23:31:25.980" level="INFO">${ElementText} = OUR AMAZING TEAM</msg>
<status status="PASS" starttime="20201231 23:31:25.950" endtime="20201231 23:31:25.980"></status>
</kw>
<kw name="Should Be Equal As Strings" library="BuiltIn">
<doc>Fails if objects are unequal after converting them to strings.</doc>
<arguments>
<arg>${ElementText}</arg>
<arg>Our Amazing Team</arg>
<arg>ignore_case=true</arg>
</arguments>
<status status="PASS" starttime="20201231 23:31:25.980" endtime="20201231 23:31:25.981"></status>
</kw>
<status status="PASS" starttime="20201231 23:31:25.949" endtime="20201231 23:31:25.981"></status>
</kw>
<status status="PASS" starttime="20201231 23:31:25.949" endtime="20201231 23:31:25.981"></status>
</kw>
<kw name="End Web Test" library="CommonWeb" type="teardown">
<kw name="Close All Browsers" library="SeleniumLibrary">
<doc>Closes all open browsers and resets the browser cache.</doc>
<status status="PASS" starttime="20201231 23:31:25.982" endtime="20201231 23:31:26.055"></status>
</kw>
<status status="PASS" starttime="20201231 23:31:25.982" endtime="20201231 23:31:26.055"></status>
</kw>
<doc>This is test 2</doc>
<tags>
<tag>test2</tag>
</tags>
<status status="PASS" starttime="20201231 23:31:17.802" endtime="20201231 23:31:26.055" critical="yes"></status>
</test>
<doc>Talk about what this suite of tests does</doc>
<status status="PASS" starttime="20201231 23:31:07.870" endtime="20201231 23:31:26.059"></status>
</suite>
<statistics>
<total>
<stat pass="2" fail="0">Critical Tests</stat>
<stat pass="2" fail="0">All Tests</stat>
</total>
<tag>
<stat pass="1" fail="0">test1</stat>
<stat pass="1" fail="0">test2</stat>
</tag>
<suite>
<stat pass="2" fail="0" id="s1" name="Front Office">Front Office</stat>
</suite>
</statistics>
<errors>
</errors>
</robot>
